[Thu Jun 22 2017 09:52:48 GMT+0200 (CEST)]:::[POST]:::[/bots] 
[Thu Jun 22 2017 09:52:49 GMT+0200 (CEST)]:::[POST]:::[/bots] 
[Thu Jun 22 2017 09:52:50 GMT+0200 (CEST)]:::[POST]:::[/bots] 
[Thu Jun 22 2017 09:52:50 GMT+0200 (CEST)]:::[POST]:::[/bots] 
[Thu Jun 22 2017 09:52:53 GMT+0200 (CEST)]:::[GET]:::[/bots] 
[Thu Jun 22 2017 09:52:53 GMT+0200 (CEST)]:::[GET]:::[/bots] 
[Thu Jun 22 2017 09:52:54 GMT+0200 (CEST)]:::[GET]:::[/bots] 
[Thu Jun 22 2017 09:52:54 GMT+0200 (CEST)]:::[GET]:::[/bots] 
[Thu Jun 22 2017 09:53:13 GMT+0200 (CEST)]:::[GET]:::[/bots/all] 
[Thu Jun 22 2017 09:53:15 GMT+0200 (CEST)]:::[GET]:::[/bots/all] 
[Thu Jun 22 2017 09:53:15 GMT+0200 (CEST)]:::[GET]:::[/bots/all] 
[Thu Jun 22 2017 09:53:20 GMT+0200 (CEST)]:::[GET]:::[/bots/me] 
[Thu Jun 22 2017 09:53:35 GMT+0200 (CEST)]:::[POST]:::[/users] 
[Thu Jun 22 2017 09:53:48 GMT+0200 (CEST)]:::[GET]:::[/users] 
[Thu Jun 22 2017 09:53:50 GMT+0200 (CEST)]:::[GET]:::[/users] 
[Thu Jun 22 2017 09:54:19 GMT+0200 (CEST)]:::[POST]:::[/auth/login] 
[Thu Jun 22 2017 09:54:36 GMT+0200 (CEST)]:::[POST]:::[/bots] 
[Thu Jun 22 2017 09:54:37 GMT+0200 (CEST)]:::[POST]:::[/bots] 
[Thu Jun 22 2017 09:54:53 GMT+0200 (CEST)]:::[POST]:::[/weapons] 
[Thu Jun 22 2017 09:55:02 GMT+0200 (CEST)]:::[GET]:::[/weapons] 
[Thu Jun 22 2017 09:55:03 GMT+0200 (CEST)]:::[GET]:::[/weapons] 
[Thu Jun 22 2017 09:55:07 GMT+0200 (CEST)]:::[GET]:::[/weapons/all] 
[Thu Jun 22 2017 09:55:13 GMT+0200 (CEST)]:::[GET]:::[/weapons] 
[Thu Jun 22 2017 09:55:19 GMT+0200 (CEST)]:::[GET]:::[/weapons/594b77cd5789008a2d02511d] 
[Thu Jun 22 2017 09:56:49 GMT+0200 (CEST)]:::[GET]:::[/weapons] 
[Thu Jun 22 2017 09:57:01 GMT+0200 (CEST)]:::[DELETE]:::[/weapons/594b77cd5789008a2d02511d] 
[Thu Jun 22 2017 09:57:03 GMT+0200 (CEST)]:::[DELETE]:::[/weapons/594b77cd5789008a2d02511d] 
[Thu Jun 22 2017 09:57:12 GMT+0200 (CEST)]:::[GET]:::[/weapons] 
[Thu Jun 22 2017 09:57:13 GMT+0200 (CEST)]:::[GET]:::[/weapons] 
[Thu Jun 22 2017 09:57:14 GMT+0200 (CEST)]:::[GET]:::[/weapons] 
[Thu Jun 22 2017 09:57:42 GMT+0200 (CEST)]:::[GET]:::[/weapons] 
[Thu Jun 22 2017 09:57:45 GMT+0200 (CEST)]:::[POST]:::[/weapons] 
[Thu Jun 22 2017 09:57:47 GMT+0200 (CEST)]:::[GET]:::[/weapons] 
[Thu Jun 22 2017 10:03:58 GMT+0200 (CEST)]:::[OPTIONS]:::[/weapons] 
[Thu Jun 22 2017 10:03:59 GMT+0200 (CEST)]:::[OPTIONS]:::[/weapons] 
[Thu Jun 22 2017 10:04:45 GMT+0200 (CEST)]:::[GET]:::[/weapons] 
[Thu Jun 22 2017 10:04:46 GMT+0200 (CEST)]:::[GET]:::[/weapons] 
[Thu Jun 22 2017 10:04:56 GMT+0200 (CEST)]:::[OPTIONS]:::[/weapons] 
[Thu Jun 22 2017 10:05:00 GMT+0200 (CEST)]:::[OPTIONS]:::[/weapons] 
[Thu Jun 22 2017 10:07:41 GMT+0200 (CEST)]:::[OPTIONS]:::[/weapons] 
[Thu Jun 22 2017 10:07:45 GMT+0200 (CEST)]:::[OPTIONS]:::[/weapons] 
[Thu Jun 22 2017 10:07:47 GMT+0200 (CEST)]:::[OPTIONS]:::[/weapons] 
