[Thu Jun 22 2017 16:30:59 GMT+0200 (CEST)]:::[OPTIONS]:::[/categories] 
[Thu Jun 22 2017 16:31:01 GMT+0200 (CEST)]:::[GET]:::[/categories] 
[Thu Jun 22 2017 16:31:04 GMT+0200 (CEST)]:::[GET]:::[/restaurants] 
[Thu Jun 22 2017 16:31:06 GMT+0200 (CEST)]:::[GET]:::[/categories] 
[Thu Jun 22 2017 16:31:07 GMT+0200 (CEST)]:::[GET]:::[/restaurants] 
[Thu Jun 22 2017 16:31:08 GMT+0200 (CEST)]:::[GET]:::[/categories] 
[Thu Jun 22 2017 16:31:20 GMT+0200 (CEST)]:::[OPTIONS]:::[/categories] 
[Thu Jun 22 2017 16:31:21 GMT+0200 (CEST)]:::[OPTIONS]:::[/categories] 
[Thu Jun 22 2017 16:34:26 GMT+0200 (CEST)]:::[OPTIONS]:::[/categories] 
[Thu Jun 22 2017 16:37:18 GMT+0200 (CEST)]:::[OPTIONS]:::[/categories&callback=json] 
[Thu Jun 22 2017 16:37:18 GMT+0200 (CEST)]:::[POST]:::[/categories&callback=json] 
[Thu Jun 22 2017 16:38:50 GMT+0200 (CEST)]:::[OPTIONS]:::[/categories] 
[Thu Jun 22 2017 16:44:38 GMT+0200 (CEST)]:::[OPTIONS]:::[/categories] 
[Thu Jun 22 2017 16:45:12 GMT+0200 (CEST)]:::[GET]:::[/restaurants] 
[Thu Jun 22 2017 16:45:18 GMT+0200 (CEST)]:::[OPTIONS]:::[/categories] 
[Thu Jun 22 2017 16:49:50 GMT+0200 (CEST)]:::[OPTIONS]:::[/categories?callback=JSON_CALLBACK] 
[Thu Jun 22 2017 16:50:54 GMT+0200 (CEST)]:::[OPTIONS]:::[/categories?callback=JSON_CALLBACK] 
[Thu Jun 22 2017 16:50:55 GMT+0200 (CEST)]:::[OPTIONS]:::[/categories?callback=JSON_CALLBACK] 
[Thu Jun 22 2017 16:50:55 GMT+0200 (CEST)]:::[OPTIONS]:::[/categories?callback=JSON_CALLBACK] 
[Thu Jun 22 2017 16:50:56 GMT+0200 (CEST)]:::[OPTIONS]:::[/categories?callback=JSON_CALLBACK] 
[Thu Jun 22 2017 16:50:56 GMT+0200 (CEST)]:::[OPTIONS]:::[/categories?callback=JSON_CALLBACK] 
[Thu Jun 22 2017 16:50:57 GMT+0200 (CEST)]:::[OPTIONS]:::[/categories?callback=JSON_CALLBACK] 
[Thu Jun 22 2017 16:50:57 GMT+0200 (CEST)]:::[OPTIONS]:::[/categories?callback=JSON_CALLBACK] 
[Thu Jun 22 2017 16:50:57 GMT+0200 (CEST)]:::[OPTIONS]:::[/categories?callback=JSON_CALLBACK] 
[Thu Jun 22 2017 16:50:57 GMT+0200 (CEST)]:::[OPTIONS]:::[/categories?callback=JSON_CALLBACK] 
[Thu Jun 22 2017 16:50:57 GMT+0200 (CEST)]:::[OPTIONS]:::[/categories?callback=JSON_CALLBACK] 
[Thu Jun 22 2017 16:50:57 GMT+0200 (CEST)]:::[OPTIONS]:::[/categories?callback=JSON_CALLBACK] 
[Thu Jun 22 2017 16:54:38 GMT+0200 (CEST)]:::[OPTIONS]:::[/categories?callback=JSON_CALLBACK] 
[Thu Jun 22 2017 16:54:43 GMT+0200 (CEST)]:::[OPTIONS]:::[/categories?callback=JSON_CALLBACK] 
[Thu Jun 22 2017 16:54:50 GMT+0200 (CEST)]:::[OPTIONS]:::[/categories?callback=JSON_CALLBACK] 
[Thu Jun 22 2017 16:55:07 GMT+0200 (CEST)]:::[OPTIONS]:::[/categories] 
[Thu Jun 22 2017 16:56:29 GMT+0200 (CEST)]:::[OPTIONS]:::[/restaurant] 
[Thu Jun 22 2017 16:56:29 GMT+0200 (CEST)]:::[POST]:::[/restaurant] 
[Thu Jun 22 2017 16:56:41 GMT+0200 (CEST)]:::[OPTIONS]:::[/restaurants] 
[Thu Jun 22 2017 16:56:41 GMT+0200 (CEST)]:::[POST]:::[/restaurants] 
