[Thu Jun 22 2017 21:50:24 GMT+0200 (CEST)]:::[GET]:::[/restaurants] 
[Thu Jun 22 2017 21:50:25 GMT+0200 (CEST)]:::[GET]:::[/categories] 
[Thu Jun 22 2017 21:50:58 GMT+0200 (CEST)]:::[POST]:::[/categories] 
[Thu Jun 22 2017 21:53:12 GMT+0200 (CEST)]:::[GET]:::[/categories] 
[Thu Jun 22 2017 21:53:25 GMT+0200 (CEST)]:::[POST]:::[/categories] 
[Thu Jun 22 2017 22:04:34 GMT+0200 (CEST)]:::[GET]:::[/categories] 
[Thu Jun 22 2017 23:48:02 GMT+0200 (CEST)]:::[GET]:::[/categories] 
[Thu Jun 22 2017 23:48:15 GMT+0200 (CEST)]:::[GET]:::[/categories] 
[Thu Jun 22 2017 23:48:27 GMT+0200 (CEST)]:::[GET]:::[/categories] 
[Thu Jun 22 2017 23:48:47 GMT+0200 (CEST)]:::[GET]:::[/categories] 
[Thu Jun 22 2017 23:48:50 GMT+0200 (CEST)]:::[GET]:::[/categories] 
[Thu Jun 22 2017 23:48:55 GMT+0200 (CEST)]:::[GET]:::[/categories] 
[Thu Jun 22 2017 23:50:44 GMT+0200 (CEST)]:::[GET]:::[/restaurants] 
[Thu Jun 22 2017 23:50:45 GMT+0200 (CEST)]:::[GET]:::[/categories] 
[Thu Jun 22 2017 23:50:50 GMT+0200 (CEST)]:::[GET]:::[/restaurants] 
[Thu Jun 22 2017 23:50:52 GMT+0200 (CEST)]:::[GET]:::[/categories] 
[Thu Jun 22 2017 23:50:53 GMT+0200 (CEST)]:::[GET]:::[/categories] 
[Thu Jun 22 2017 23:56:39 GMT+0200 (CEST)]:::[GET]:::[/categories] 
[Thu Jun 22 2017 23:57:15 GMT+0200 (CEST)]:::[GET]:::[/categories] 
[Thu Jun 22 2017 23:58:07 GMT+0200 (CEST)]:::[GET]:::[/categories] 
[Thu Jun 22 2017 23:58:24 GMT+0200 (CEST)]:::[GET]:::[/categories] 
[Thu Jun 22 2017 23:59:09 GMT+0200 (CEST)]:::[GET]:::[/categories] 
[Thu Jun 22 2017 23:59:21 GMT+0200 (CEST)]:::[GET]:::[/categories] 
[Thu Jun 22 2017 23:59:25 GMT+0200 (CEST)]:::[GET]:::[/categories] 
[Thu Jun 22 2017 23:59:30 GMT+0200 (CEST)]:::[GET]:::[/categories] 
[Thu Jun 22 2017 23:59:46 GMT+0200 (CEST)]:::[GET]:::[/categories] 
[Thu Jun 22 2017 23:59:53 GMT+0200 (CEST)]:::[GET]:::[/categories] 
[Fri Jun 23 2017 00:00:20 GMT+0200 (CEST)]:::[GET]:::[/categories] 
[Fri Jun 23 2017 00:00:22 GMT+0200 (CEST)]:::[GET]:::[/categories] 
[Fri Jun 23 2017 00:00:25 GMT+0200 (CEST)]:::[GET]:::[/categories] 
[Fri Jun 23 2017 00:00:42 GMT+0200 (CEST)]:::[GET]:::[/categories] 
[Fri Jun 23 2017 00:00:45 GMT+0200 (CEST)]:::[GET]:::[/categories] 
[Fri Jun 23 2017 00:01:12 GMT+0200 (CEST)]:::[GET]:::[/categories] 
[Fri Jun 23 2017 00:01:54 GMT+0200 (CEST)]:::[GET]:::[/categories] 
[Fri Jun 23 2017 00:02:00 GMT+0200 (CEST)]:::[GET]:::[/categories] 
[Fri Jun 23 2017 00:02:09 GMT+0200 (CEST)]:::[GET]:::[/categories] 
[Fri Jun 23 2017 00:02:12 GMT+0200 (CEST)]:::[GET]:::[/categories] 
[Fri Jun 23 2017 00:02:14 GMT+0200 (CEST)]:::[GET]:::[/categories/594b9205ec4cc89af2470a1d] 
[Fri Jun 23 2017 00:02:14 GMT+0200 (CEST)]:::[GET]:::[/categories] 
[Fri Jun 23 2017 00:02:17 GMT+0200 (CEST)]:::[GET]:::[/categories/594ba28c5aad34a50f0261e3] 
[Fri Jun 23 2017 00:02:24 GMT+0200 (CEST)]:::[GET]:::[/categories/594c15f2ff12ecd176649cd1] 
[Fri Jun 23 2017 00:02:27 GMT+0200 (CEST)]:::[GET]:::[/categories/594c1c8ee6c06dd5ce335282] 
[Fri Jun 23 2017 00:02:29 GMT+0200 (CEST)]:::[GET]:::[/categories/594c1d07e6c06dd5ce335284] 
[Fri Jun 23 2017 00:02:30 GMT+0200 (CEST)]:::[GET]:::[/categories] 
[Fri Jun 23 2017 00:02:44 GMT+0200 (CEST)]:::[GET]:::[/categories] 
[Fri Jun 23 2017 00:03:34 GMT+0200 (CEST)]:::[GET]:::[/categories] 
[Fri Jun 23 2017 00:04:16 GMT+0200 (CEST)]:::[GET]:::[/categories] 
[Fri Jun 23 2017 00:04:26 GMT+0200 (CEST)]:::[GET]:::[/categories] 
[Fri Jun 23 2017 00:04:51 GMT+0200 (CEST)]:::[GET]:::[/categories] 
[Fri Jun 23 2017 00:04:56 GMT+0200 (CEST)]:::[GET]:::[/categories] 
[Fri Jun 23 2017 00:06:30 GMT+0200 (CEST)]:::[GET]:::[/categories] 
[Fri Jun 23 2017 00:06:38 GMT+0200 (CEST)]:::[GET]:::[/categories] 
[Fri Jun 23 2017 00:08:39 GMT+0200 (CEST)]:::[GET]:::[/categories] 
[Fri Jun 23 2017 00:08:42 GMT+0200 (CEST)]:::[GET]:::[/categories] 
[Fri Jun 23 2017 00:08:53 GMT+0200 (CEST)]:::[DELETE]:::[/categories/594b86c9fe2fab9572ca5e2b] 
[Fri Jun 23 2017 00:08:57 GMT+0200 (CEST)]:::[GET]:::[/categories] 
[Fri Jun 23 2017 00:08:59 GMT+0200 (CEST)]:::[DELETE]:::[/categories/594b9205ec4cc89af2470a1d] 
[Fri Jun 23 2017 00:09:00 GMT+0200 (CEST)]:::[DELETE]:::[/categories/594ba28c5aad34a50f0261e3] 
[Fri Jun 23 2017 00:09:01 GMT+0200 (CEST)]:::[DELETE]:::[/categories/594c01a67a5002c3109a822d] 
[Fri Jun 23 2017 00:09:02 GMT+0200 (CEST)]:::[GET]:::[/categories] 
[Fri Jun 23 2017 00:13:59 GMT+0200 (CEST)]:::[GET]:::[/categories] 
[Fri Jun 23 2017 00:18:58 GMT+0200 (CEST)]:::[GET]:::[/categories] 
[Fri Jun 23 2017 00:22:08 GMT+0200 (CEST)]:::[GET]:::[/categories] 
[Fri Jun 23 2017 00:22:10 GMT+0200 (CEST)]:::[GET]:::[/categories] 
[Fri Jun 23 2017 00:22:11 GMT+0200 (CEST)]:::[DELETE]:::[/categories/594c020f86c793c5c7e92769] 
[Fri Jun 23 2017 00:22:21 GMT+0200 (CEST)]:::[GET]:::[/categories] 
[Fri Jun 23 2017 00:22:23 GMT+0200 (CEST)]:::[DELETE]:::[/categories/594c15f2ff12ecd176649cd1] 
[Fri Jun 23 2017 00:26:17 GMT+0200 (CEST)]:::[GET]:::[/categories] 
[Fri Jun 23 2017 00:26:20 GMT+0200 (CEST)]:::[GET]:::[/categories] 
[Fri Jun 23 2017 00:26:22 GMT+0200 (CEST)]:::[DELETE]:::[/categories/594c160dff12ecd176649cd2] 
[Fri Jun 23 2017 00:26:56 GMT+0200 (CEST)]:::[GET]:::[/categories] 
[Fri Jun 23 2017 00:28:43 GMT+0200 (CEST)]:::[GET]:::[/categories] 
[Fri Jun 23 2017 00:28:48 GMT+0200 (CEST)]:::[GET]:::[/categories] 
[Fri Jun 23 2017 00:28:49 GMT+0200 (CEST)]:::[GET]:::[/categories] 
[Fri Jun 23 2017 00:28:54 GMT+0200 (CEST)]:::[POST]:::[/categories] 
[Fri Jun 23 2017 00:29:30 GMT+0200 (CEST)]:::[GET]:::[/categories] 
[Fri Jun 23 2017 00:29:46 GMT+0200 (CEST)]:::[GET]:::[/categories] 
[Fri Jun 23 2017 00:35:15 GMT+0200 (CEST)]:::[GET]:::[/categories] 
[Fri Jun 23 2017 00:35:59 GMT+0200 (CEST)]:::[GET]:::[/categories] 
[Fri Jun 23 2017 00:36:05 GMT+0200 (CEST)]:::[POST]:::[/categories] 
[Fri Jun 23 2017 00:36:11 GMT+0200 (CEST)]:::[GET]:::[/categories] 
[Fri Jun 23 2017 00:36:12 GMT+0200 (CEST)]:::[GET]:::[/categories] 
[Fri Jun 23 2017 00:36:16 GMT+0200 (CEST)]:::[POST]:::[/categories] 
[Fri Jun 23 2017 00:36:18 GMT+0200 (CEST)]:::[GET]:::[/categories/594c465535d3cbd84d00ecda] 
[Fri Jun 23 2017 00:36:18 GMT+0200 (CEST)]:::[GET]:::[/categories] 
[Fri Jun 23 2017 00:36:19 GMT+0200 (CEST)]:::[GET]:::[/categories] 
[Fri Jun 23 2017 00:36:21 GMT+0200 (CEST)]:::[DELETE]:::[/categories/594c466035d3cbd84d00ecdb] 
[Fri Jun 23 2017 00:36:22 GMT+0200 (CEST)]:::[DELETE]:::[/categories/594c465535d3cbd84d00ecda] 
[Fri Jun 23 2017 00:36:24 GMT+0200 (CEST)]:::[GET]:::[/categories] 
[Fri Jun 23 2017 00:36:37 GMT+0200 (CEST)]:::[GET]:::[/categories] 
[Fri Jun 23 2017 00:37:06 GMT+0200 (CEST)]:::[GET]:::[/categories] 
[Fri Jun 23 2017 00:37:07 GMT+0200 (CEST)]:::[GET]:::[/categories] 
[Fri Jun 23 2017 00:37:10 GMT+0200 (CEST)]:::[POST]:::[/categories] 
[Fri Jun 23 2017 00:37:18 GMT+0200 (CEST)]:::[GET]:::[/categories] 
[Fri Jun 23 2017 00:37:38 GMT+0200 (CEST)]:::[GET]:::[/categories] 
[Fri Jun 23 2017 00:37:39 GMT+0200 (CEST)]:::[GET]:::[/categories] 
[Fri Jun 23 2017 00:37:40 GMT+0200 (CEST)]:::[GET]:::[/categories] 
[Fri Jun 23 2017 00:37:43 GMT+0200 (CEST)]:::[POST]:::[/categories] 
[Fri Jun 23 2017 00:37:59 GMT+0200 (CEST)]:::[GET]:::[/categories] 
[Fri Jun 23 2017 00:38:00 GMT+0200 (CEST)]:::[GET]:::[/categories] 
[Fri Jun 23 2017 06:52:01 GMT+0200 (CEST)]:::[GET]:::[/categories] 
[Fri Jun 23 2017 06:52:46 GMT+0200 (CEST)]:::[GET]:::[/categories] 
[Fri Jun 23 2017 06:52:47 GMT+0200 (CEST)]:::[GET]:::[/categories] 
[Fri Jun 23 2017 06:53:45 GMT+0200 (CEST)]:::[GET]:::[/categories] 
[Fri Jun 23 2017 06:53:49 GMT+0200 (CEST)]:::[GET]:::[/categories/594c163eff12ecd176649cd3] 
[Fri Jun 23 2017 06:53:49 GMT+0200 (CEST)]:::[GET]:::[/categories] 
[Fri Jun 23 2017 06:53:51 GMT+0200 (CEST)]:::[GET]:::[/categories/594c1d07e6c06dd5ce335284] 
[Fri Jun 23 2017 06:54:43 GMT+0200 (CEST)]:::[GET]:::[/categories/594c1ecce343bfd6a80e9377] 
[Fri Jun 23 2017 06:54:45 GMT+0200 (CEST)]:::[GET]:::[/categories/594c203535d3cbd84d00ecd8] 
[Fri Jun 23 2017 06:57:29 GMT+0200 (CEST)]:::[GET]:::[/categories/594c203535d3cbd84d00ecd8] 
[Fri Jun 23 2017 06:57:29 GMT+0200 (CEST)]:::[GET]:::[/categories] 
[Fri Jun 23 2017 06:57:37 GMT+0200 (CEST)]:::[GET]:::[/categories/594c203535d3cbd84d00ecd8] 
[Fri Jun 23 2017 06:57:37 GMT+0200 (CEST)]:::[GET]:::[/categories] 
[Fri Jun 23 2017 06:58:07 GMT+0200 (CEST)]:::[GET]:::[/categories/594c203535d3cbd84d00ecd8] 
[Fri Jun 23 2017 06:58:07 GMT+0200 (CEST)]:::[GET]:::[/categories] 
[Fri Jun 23 2017 06:58:31 GMT+0200 (CEST)]:::[GET]:::[/categories/594c203535d3cbd84d00ecd8] 
[Fri Jun 23 2017 06:58:31 GMT+0200 (CEST)]:::[GET]:::[/categories] 
[Fri Jun 23 2017 06:59:17 GMT+0200 (CEST)]:::[GET]:::[/categories/594c203535d3cbd84d00ecd8] 
[Fri Jun 23 2017 06:59:17 GMT+0200 (CEST)]:::[GET]:::[/categories] 
[Fri Jun 23 2017 06:59:19 GMT+0200 (CEST)]:::[GET]:::[/categories/594c203535d3cbd84d00ecd8] 
[Fri Jun 23 2017 06:59:19 GMT+0200 (CEST)]:::[GET]:::[/categories] 
[Fri Jun 23 2017 06:59:22 GMT+0200 (CEST)]:::[GET]:::[/categories] 
[Fri Jun 23 2017 06:59:52 GMT+0200 (CEST)]:::[GET]:::[/categories] 
[Fri Jun 23 2017 06:59:54 GMT+0200 (CEST)]:::[GET]:::[/categories] 
[Fri Jun 23 2017 07:02:49 GMT+0200 (CEST)]:::[GET]:::[/categories] 
[Fri Jun 23 2017 07:03:52 GMT+0200 (CEST)]:::[GET]:::[/categories] 
[Fri Jun 23 2017 07:08:27 GMT+0200 (CEST)]:::[GET]:::[/categories] 
[Fri Jun 23 2017 07:10:34 GMT+0200 (CEST)]:::[GET]:::[/categories] 
[Fri Jun 23 2017 07:11:18 GMT+0200 (CEST)]:::[GET]:::[/categories] 
[Fri Jun 23 2017 08:02:13 GMT+0200 (CEST)]:::[GET]:::[/categories] 
[Fri Jun 23 2017 08:02:36 GMT+0200 (CEST)]:::[GET]:::[/categories] 
[Fri Jun 23 2017 08:02:37 GMT+0200 (CEST)]:::[GET]:::[/categories] 
[Fri Jun 23 2017 08:03:33 GMT+0200 (CEST)]:::[GET]:::[/categories] 
[Fri Jun 23 2017 08:06:01 GMT+0200 (CEST)]:::[GET]:::[/categories] 
[Fri Jun 23 2017 08:07:42 GMT+0200 (CEST)]:::[GET]:::[/categories] 
