[Thu Jun 22 2017 12:20:15 GMT+0200 (CEST)]:::[GET]:::[/] 
[Thu Jun 22 2017 12:20:15 GMT+0200 (CEST)]:::[GET]:::[/assets/css/main.css] 
[Thu Jun 22 2017 12:20:15 GMT+0200 (CEST)]:::[GET]:::[/images/logo.svg] 
[Thu Jun 22 2017 12:20:15 GMT+0200 (CEST)]:::[GET]:::[/assets/js/jquery.min.js] 
[Thu Jun 22 2017 12:20:15 GMT+0200 (CEST)]:::[GET]:::[/assets/js/skel.min.js] 
[Thu Jun 22 2017 12:20:15 GMT+0200 (CEST)]:::[GET]:::[/images/pic03.jpg] 
[Thu Jun 22 2017 12:20:15 GMT+0200 (CEST)]:::[GET]:::[/images/pic04.jpg] 
[Thu Jun 22 2017 12:20:15 GMT+0200 (CEST)]:::[GET]:::[/images/pic02.jpg] 
[Thu Jun 22 2017 12:20:15 GMT+0200 (CEST)]:::[GET]:::[/images/pic01.jpg] 
[Thu Jun 22 2017 12:20:15 GMT+0200 (CEST)]:::[GET]:::[/assets/js/util.js] 
[Thu Jun 22 2017 12:20:15 GMT+0200 (CEST)]:::[GET]:::[/assets/js/main.js] 
[Thu Jun 22 2017 12:20:15 GMT+0200 (CEST)]:::[GET]:::[/images/pic05.jpg] 
[Thu Jun 22 2017 12:20:15 GMT+0200 (CEST)]:::[GET]:::[/images/pic06.jpg] 
[Thu Jun 22 2017 12:20:15 GMT+0200 (CEST)]:::[GET]:::[/images/pic07.jpg] 
[Thu Jun 22 2017 12:20:15 GMT+0200 (CEST)]:::[GET]:::[/assets/css/font-awesome.min.css] 
[Thu Jun 22 2017 12:20:15 GMT+0200 (CEST)]:::[GET]:::[/images/pic08.jpg] 
[Thu Jun 22 2017 12:20:15 GMT+0200 (CEST)]:::[GET]:::[/images/pic09.jpg] 
[Thu Jun 22 2017 12:20:15 GMT+0200 (CEST)]:::[GET]:::[/images/pic10.jpg] 
[Thu Jun 22 2017 12:20:15 GMT+0200 (CEST)]:::[GET]:::[/images/pic11.jpg] 
[Thu Jun 22 2017 12:20:15 GMT+0200 (CEST)]:::[GET]:::[/images/pic12.jpg] 
[Thu Jun 22 2017 12:20:16 GMT+0200 (CEST)]:::[GET]:::[/assets/fonts/fontawesome-webfont.woff2?v=4.6.3] 
[Thu Jun 22 2017 12:20:16 GMT+0200 (CEST)]:::[GET]:::[/favicon.ico] 
[Thu Jun 22 2017 12:27:49 GMT+0200 (CEST)]:::[POST]:::[/restaurants] 
[Thu Jun 22 2017 12:28:00 GMT+0200 (CEST)]:::[GET]:::[/restaurants] 
