[Thu Jun 22 2017 12:33:51 GMT+0200 (CEST)]:::[GET]:::[/restaurants] 
[Thu Jun 22 2017 12:33:58 GMT+0200 (CEST)]:::[GET]:::[/] 
[Thu Jun 22 2017 12:34:04 GMT+0200 (CEST)]:::[GET]:::[/bots] 
[Thu Jun 22 2017 12:34:11 GMT+0200 (CEST)]:::[GET]:::[/bots/restaurants] 
[Thu Jun 22 2017 12:34:36 GMT+0200 (CEST)]:::[GET]:::[/restaurants] 
[Thu Jun 22 2017 12:35:29 GMT+0200 (CEST)]:::[GET]:::[/restaurants] 
[Thu Jun 22 2017 12:35:47 GMT+0200 (CEST)]:::[GET]:::[/restaurants] 
[Thu Jun 22 2017 12:36:08 GMT+0200 (CEST)]:::[GET]:::[/restaurants] 
[Thu Jun 22 2017 12:36:14 GMT+0200 (CEST)]:::[GET]:::[/] 
[Thu Jun 22 2017 12:36:14 GMT+0200 (CEST)]:::[GET]:::[/assets/css/main.css] 
[Thu Jun 22 2017 12:36:14 GMT+0200 (CEST)]:::[GET]:::[/assets/js/jquery.min.js] 
[Thu Jun 22 2017 12:36:14 GMT+0200 (CEST)]:::[GET]:::[/images/logo.svg] 
[Thu Jun 22 2017 12:36:14 GMT+0200 (CEST)]:::[GET]:::[/assets/js/skel.min.js] 
[Thu Jun 22 2017 12:36:14 GMT+0200 (CEST)]:::[GET]:::[/assets/js/util.js] 
[Thu Jun 22 2017 12:36:14 GMT+0200 (CEST)]:::[GET]:::[/assets/js/main.js] 
[Thu Jun 22 2017 12:36:14 GMT+0200 (CEST)]:::[GET]:::[/images/pic01.jpg] 
[Thu Jun 22 2017 12:36:14 GMT+0200 (CEST)]:::[GET]:::[/images/pic02.jpg] 
[Thu Jun 22 2017 12:36:14 GMT+0200 (CEST)]:::[GET]:::[/images/pic03.jpg] 
[Thu Jun 22 2017 12:36:14 GMT+0200 (CEST)]:::[GET]:::[/images/pic04.jpg] 
[Thu Jun 22 2017 12:36:14 GMT+0200 (CEST)]:::[GET]:::[/assets/css/font-awesome.min.css] 
[Thu Jun 22 2017 12:36:14 GMT+0200 (CEST)]:::[GET]:::[/images/pic05.jpg] 
[Thu Jun 22 2017 12:36:14 GMT+0200 (CEST)]:::[GET]:::[/images/pic06.jpg] 
[Thu Jun 22 2017 12:36:14 GMT+0200 (CEST)]:::[GET]:::[/images/pic07.jpg] 
[Thu Jun 22 2017 12:36:14 GMT+0200 (CEST)]:::[GET]:::[/images/pic08.jpg] 
[Thu Jun 22 2017 12:36:14 GMT+0200 (CEST)]:::[GET]:::[/images/pic09.jpg] 
[Thu Jun 22 2017 12:36:14 GMT+0200 (CEST)]:::[GET]:::[/images/pic10.jpg] 
[Thu Jun 22 2017 12:36:14 GMT+0200 (CEST)]:::[GET]:::[/images/pic11.jpg] 
[Thu Jun 22 2017 12:36:14 GMT+0200 (CEST)]:::[GET]:::[/images/pic12.jpg] 
[Thu Jun 22 2017 12:36:14 GMT+0200 (CEST)]:::[GET]:::[/assets/fonts/fontawesome-webfont.woff2?v=4.6.3] 
[Thu Jun 22 2017 12:36:32 GMT+0200 (CEST)]:::[GET]:::[/restaurants] 
[Thu Jun 22 2017 12:39:41 GMT+0200 (CEST)]:::[GET]:::[/restaurants] 
[Thu Jun 22 2017 12:39:44 GMT+0200 (CEST)]:::[GET]:::[/restaurants] 
[Thu Jun 22 2017 12:41:03 GMT+0200 (CEST)]:::[GET]:::[/restaurants/show] 
[Thu Jun 22 2017 12:41:07 GMT+0200 (CEST)]:::[GET]:::[/restaurants] 
[Thu Jun 22 2017 12:41:58 GMT+0200 (CEST)]:::[GET]:::[/restaurants] 
[Thu Jun 22 2017 12:41:59 GMT+0200 (CEST)]:::[GET]:::[/restaurants] 
[Thu Jun 22 2017 12:41:59 GMT+0200 (CEST)]:::[GET]:::[/restaurants] 
[Thu Jun 22 2017 12:41:59 GMT+0200 (CEST)]:::[GET]:::[/restaurants] 
[Thu Jun 22 2017 12:42:50 GMT+0200 (CEST)]:::[GET]:::[/restaurants] 
[Thu Jun 22 2017 12:43:30 GMT+0200 (CEST)]:::[GET]:::[/restaurants] 
[Thu Jun 22 2017 12:45:13 GMT+0200 (CEST)]:::[GET]:::[/] 
[Thu Jun 22 2017 12:45:18 GMT+0200 (CEST)]:::[GET]:::[/bots] 
[Thu Jun 22 2017 12:45:23 GMT+0200 (CEST)]:::[GET]:::[/categories] 
[Thu Jun 22 2017 12:45:32 GMT+0200 (CEST)]:::[GET]:::[/restaurants] 
[Thu Jun 22 2017 12:45:50 GMT+0200 (CEST)]:::[GET]:::[/restaurants] 
[Thu Jun 22 2017 12:45:58 GMT+0200 (CEST)]:::[GET]:::[/restaurants] 
[Thu Jun 22 2017 12:48:53 GMT+0200 (CEST)]:::[GET]:::[/restaurants] 
